# JRE version: OpenJDK Runtime Environment (8.0_242-b01) (build 1.8.0_242-release-1644-b01)
# Java VM: OpenJDK 64-Bit Server VM (25.242-b01 mixed mode windows-amd64 compressed oops)
Heap:
 PSYoungGen      total 293888K, used 84499K [0x00000000e0000000, 0x00000000fe280000, 0x0000000100000000)
  eden space 243200K, 13% used [0x00000000e0000000,0x00000000e2108e78,0x00000000eed80000)
  from space 50688K, 99% used [0x00000000f3a00000,0x00000000f6b7c030,0x00000000f6b80000)
  to   space 78336K, 0% used [0x00000000eed80000,0x00000000eed80000,0x00000000f3a00000)
 ParOldGen       total 253952K, used 205506K [0x00000000a0000000, 0x00000000af800000, 0x00000000e0000000)
  object space 253952K, 80% used [0x00000000a0000000,0x00000000ac8b0bc0,0x00000000af800000)
 Metaspace       used 88691K, capacity 99342K, committed 100928K, reserved 1134592K
  class space    used 12247K, capacity 15349K, committed 15744K, reserved 1048576K
GC Heap History (10 events):
Event: 11.856 GC heap before
{Heap before GC invocations=16 (full 3):
 PSYoungGen      total 264704K, used 264688K [0x00000000e0000000, 0x00000000f4a00000, 0x0000000100000000)
  eden space 222208K, 100% used [0x00000000e0000000,0x00000000ed900000,0x00000000ed900000)
  from space 42496K, 99% used [0x00000000f0c80000,0x00000000f35fc030,0x00000000f3600000)
  to   space 52736K, 0% used [0x00000000ed900000,0x00000000ed900000,0x00000000f0c80000)
 ParOldGen       total 253952K, used 98717K [0x00000000a0000000, 0x00000000af800000, 0x00000000e0000000)
  object space 253952K, 38% used [0x00000000a0000000,0x00000000a60674d8,0x00000000af800000)
 Metaspace       used 82665K, capacity 93368K, committed 93528K, reserved 1128448K
  class space    used 11868K, capacity 14966K, committed 14976K, reserved 1048576K
Event: 11.918 GC heap after
Heap after GC invocations=16 (full 3):
 PSYoungGen      total 274944K, used 24647K [0x00000000e0000000, 0x00000000f6b80000, 0x0000000100000000)
  eden space 222208K, 0% used [0x00000000e0000000,0x00000000e0000000,0x00000000ed900000)
  from space 52736K, 46% used [0x00000000ed900000,0x00000000ef111ef8,0x00000000f0c80000)
  to   space 50688K, 0% used [0x00000000f3a00000,0x00000000f3a00000,0x00000000f6b80000)
 ParOldGen       total 253952K, used 141284K [0x00000000a0000000, 0x00000000af800000, 0x00000000e0000000)
  object space 253952K, 55% used [0x00000000a0000000,0x00000000a89f9370,0x00000000af800000)
 Metaspace       used 82665K, capacity 93368K, committed 93528K, reserved 1128448K
  class space    used 11868K, capacity 14966K, committed 14976K, reserved 1048576K
}
Event: 13.676 GC heap before
{Heap before GC invocations=17 (full 3):
 PSYoungGen      total 274944K, used 246855K [0x00000000e0000000, 0x00000000f6b80000, 0x0000000100000000)
  eden space 222208K, 100% used [0x00000000e0000000,0x00000000ed900000,0x00000000ed900000)
  from space 52736K, 46% used [0x00000000ed900000,0x00000000ef111ef8,0x00000000f0c80000)
  to   space 50688K, 0% used [0x00000000f3a00000,0x00000000f3a00000,0x00000000f6b80000)
 ParOldGen       total 253952K, used 141284K [0x00000000a0000000, 0x00000000af800000, 0x00000000e0000000)
  object space 253952K, 55% used [0x00000000a0000000,0x00000000a89f9370,0x00000000af800000)
 Metaspace       used 84568K, capacity 95918K, committed 95960K, reserved 1130496K
  class space    used 12119K, capacity 15325K, committed 15360K, reserved 1048576K
Event: 13.731 GC heap after
Heap after GC invocations=17 (full 3):
 PSYoungGen      total 311296K, used 50684K [0x00000000e0000000, 0x00000000f8100000, 0x0000000100000000)
  eden space 260608K, 0% used [0x00000000e0000000,0x00000000e0000000,0x00000000efe80000)
  from space 50688K, 99% used [0x00000000f3a00000,0x00000000f6b7f2b8,0x00000000f6b80000)
  to   space 60928K, 0% used [0x00000000efe80000,0x00000000efe80000,0x00000000f3a00000)
 ParOldGen       total 253952K, used 148181K [0x00000000a0000000, 0x00000000af800000, 0x00000000e0000000)
  object space 253952K, 58% used [0x00000000a0000000,0x00000000a90b56a0,0x00000000af800000)
 Metaspace       used 84568K, capacity 95918K, committed 95960K, reserved 1130496K
  class space    used 12119K, capacity 15325K, committed 15360K, reserved 1048576K
}
Event: 13.893 GC heap before
{Heap before GC invocations=18 (full 3):
 PSYoungGen      total 311296K, used 80265K [0x00000000e0000000, 0x00000000f8100000, 0x0000000100000000)
  eden space 260608K, 11% used [0x00000000e0000000,0x00000000e1ce32e8,0x00000000efe80000)
  from space 50688K, 99% used [0x00000000f3a00000,0x00000000f6b7f2b8,0x00000000f6b80000)
  to   space 60928K, 0% used [0x00000000efe80000,0x00000000efe80000,0x00000000f3a00000)
 ParOldGen       total 253952K, used 148181K [0x00000000a0000000, 0x00000000af800000, 0x00000000e0000000)
  object space 253952K, 58% used [0x00000000a0000000,0x00000000a90b56a0,0x00000000af800000)
 Metaspace       used 86926K, capacity 98296K, committed 98496K, reserved 1132544K
  class space    used 12283K, capacity 15492K, committed 15616K, reserved 1048576K
Event: 13.940 GC heap after
Heap after GC invocations=18 (full 3):
 PSYoungGen      total 321536K, used 2294K [0x00000000e0000000, 0x00000000f8100000, 0x0000000100000000)
  eden space 260608K, 0% used [0x00000000e0000000,0x00000000e0000000,0x00000000efe80000)
  from space 60928K, 3% used [0x00000000efe80000,0x00000000f00bda98,0x00000000f3a00000)
  to   space 50688K, 0% used [0x00000000f3a00000,0x00000000f3a00000,0x00000000f6b80000)
 ParOldGen       total 253952K, used 197929K [0x00000000a0000000, 0x00000000af800000, 0x00000000e0000000)
  object space 253952K, 77% used [0x00000000a0000000,0x00000000ac14a568,0x00000000af800000)
 Metaspace       used 86926K, capacity 98296K, committed 98496K, reserved 1132544K
  class space    used 12283K, capacity 15492K, committed 15616K, reserved 1048576K
}
Event: 13.940 GC heap before
{Heap before GC invocations=19 (full 4):
 PSYoungGen      total 321536K, used 2294K [0x00000000e0000000, 0x00000000f8100000, 0x0000000100000000)
  eden space 260608K, 0% used [0x00000000e0000000,0x00000000e0000000,0x00000000efe80000)
  from space 60928K, 3% used [0x00000000efe80000,0x00000000f00bda98,0x00000000f3a00000)
  to   space 50688K, 0% used [0x00000000f3a00000,0x00000000f3a00000,0x00000000f6b80000)
 ParOldGen       total 253952K, used 197929K [0x00000000a0000000, 0x00000000af800000, 0x00000000e0000000)
  object space 253952K, 77% used [0x00000000a0000000,0x00000000ac14a568,0x00000000af800000)
 Metaspace       used 86926K, capacity 98296K, committed 98496K, reserved 1132544K
  class space    used 12283K, capacity 15492K, committed 15616K, reserved 1048576K
Event: 14.767 GC heap after
Heap after GC invocations=19 (full 4):
 PSYoungGen      total 321536K, used 0K [0x00000000e0000000, 0x00000000f8100000, 0x0000000100000000)
  eden space 260608K, 0% used [0x00000000e0000000,0x00000000e0000000,0x00000000efe80000)
  from space 60928K, 0% used [0x00000000efe80000,0x00000000efe80000,0x00000000f3a00000)
  to   space 50688K, 0% used [0x00000000f3a00000,0x00000000f3a00000,0x00000000f6b80000)
 ParOldGen       total 253952K, used 177004K [0x00000000a0000000, 0x00000000af800000, 0x00000000e0000000)
  object space 253952K, 69% used [0x00000000a0000000,0x00000000aacdb168,0x00000000af800000)
 Metaspace       used 86406K, capacity 96830K, committed 98496K, reserved 1132544K
  class space    used 12108K, capacity 15187K, committed 15616K, reserved 1048576K
}
Event: 165.264 GC heap before
{Heap before GC invocations=20 (full 4):
 PSYoungGen      total 321536K, used 260608K [0x00000000e0000000, 0x00000000f8100000, 0x0000000100000000)
  eden space 260608K, 100% used [0x00000000e0000000,0x00000000efe80000,0x00000000efe80000)
  from space 60928K, 0% used [0x00000000efe80000,0x00000000efe80000,0x00000000f3a00000)
  to   space 50688K, 0% used [0x00000000f3a00000,0x00000000f3a00000,0x00000000f6b80000)
 ParOldGen       total 253952K, used 177004K [0x00000000a0000000, 0x00000000af800000, 0x00000000e0000000)
  object space 253952K, 69% used [0x00000000a0000000,0x00000000aacdb168,0x00000000af800000)
 Metaspace       used 87798K, capacity 98334K, committed 100032K, reserved 1134592K
  class space    used 12158K, capacity 15257K, committed 15616K, reserved 1048576K
Event: 165.329 GC heap after
Heap after GC invocations=20 (full 4):
 PSYoungGen      total 293888K, used 50672K [0x00000000e0000000, 0x00000000fe280000, 0x0000000100000000)
  eden space 243200K, 0% used [0x00000000e0000000,0x00000000e0000000,0x00000000eed80000)
  from space 50688K, 99% used [0x00000000f3a00000,0x00000000f6b7c030,0x00000000f6b80000)
  to   space 78336K, 0% used [0x00000000eed80000,0x00000000eed80000,0x00000000f3a00000)
 ParOldGen       total 253952K, used 205506K [0x00000000a0000000, 0x00000000af800000, 0x00000000e0000000)
  object space 253952K, 80% used [0x00000000a0000000,0x00000000ac8b0bc0,0x00000000af800000)
 Metaspace       used 87798K, capacity 98334K, committed 100032K, reserved 1134592K
  class space    used 12158K, capacity 15257K, committed 15616K, reserved 1048576K
}

