# JRE version: OpenJDK Runtime Environment (8.0_242-b01) (build 1.8.0_242-release-1644-b01)
# Java VM: OpenJDK 64-Bit Server VM (25.242-b01 mixed mode windows-amd64 compressed oops)
Heap:
 PSYoungGen      total 351232K, used 142817K [0x00000000e0000000, 0x00000000fea00000, 0x0000000100000000)
  eden space 196608K, 66% used [0x00000000e0000000,0x00000000e7f6bed8,0x00000000ec000000)
  from space 154624K, 7% used [0x00000000f5180000,0x00000000f5d8c570,0x00000000fe880000)
  to   space 148992K, 0% used [0x00000000ec000000,0x00000000ec000000,0x00000000f5180000)
 ParOldGen       total 599040K, used 164915K [0x00000000a0000000, 0x00000000c4900000, 0x00000000e0000000)
  object space 599040K, 27% used [0x00000000a0000000,0x00000000aa10cda0,0x00000000c4900000)
 Metaspace       used 100785K, capacity 111982K, committed 112384K, reserved 1144832K
  class space    used 13007K, capacity 16217K, committed 16384K, reserved 1048576K
GC Heap History (10 events):
Event: 787.451 GC heap before
{Heap before GC invocations=52 (full 5):
 PSYoungGen      total 349696K, used 237024K [0x00000000e0000000, 0x0000000100000000, 0x0000000100000000)
  eden space 175104K, 100% used [0x00000000e0000000,0x00000000eab00000,0x00000000eab00000)
  from space 174592K, 35% used [0x00000000f5580000,0x00000000f91f8020,0x0000000100000000)
  to   space 174592K, 0% used [0x00000000eab00000,0x00000000eab00000,0x00000000f5580000)
 ParOldGen       total 559104K, used 370180K [0x00000000a0000000, 0x00000000c2200000, 0x00000000e0000000)
  object space 559104K, 66% used [0x00000000a0000000,0x00000000b6981160,0x00000000c2200000)
 Metaspace       used 100576K, capacity 111872K, committed 112384K, reserved 1144832K
  class space    used 13000K, capacity 16210K, committed 16384K, reserved 1048576K
Event: 787.495 GC heap after
Heap after GC invocations=52 (full 5):
 PSYoungGen      total 193536K, used 18126K [0x00000000e0000000, 0x00000000ff600000, 0x0000000100000000)
  eden space 175104K, 0% used [0x00000000e0000000,0x00000000e0000000,0x00000000eab00000)
  from space 18432K, 98% used [0x00000000eab00000,0x00000000ebcb3bd0,0x00000000ebd00000)
  to   space 169472K, 0% used [0x00000000f5080000,0x00000000f5080000,0x00000000ff600000)
 ParOldGen       total 559104K, used 432020K [0x00000000a0000000, 0x00000000c2200000, 0x00000000e0000000)
  object space 559104K, 77% used [0x00000000a0000000,0x00000000ba5e51b8,0x00000000c2200000)
 Metaspace       used 100576K, capacity 111872K, committed 112384K, reserved 1144832K
  class space    used 13000K, capacity 16210K, committed 16384K, reserved 1048576K
}
Event: 787.954 GC heap before
{Heap before GC invocations=53 (full 5):
 PSYoungGen      total 193536K, used 193230K [0x00000000e0000000, 0x00000000ff600000, 0x0000000100000000)
  eden space 175104K, 100% used [0x00000000e0000000,0x00000000eab00000,0x00000000eab00000)
  from space 18432K, 98% used [0x00000000eab00000,0x00000000ebcb3bd0,0x00000000ebd00000)
  to   space 169472K, 0% used [0x00000000f5080000,0x00000000f5080000,0x00000000ff600000)
 ParOldGen       total 559104K, used 432020K [0x00000000a0000000, 0x00000000c2200000, 0x00000000e0000000)
  object space 559104K, 77% used [0x00000000a0000000,0x00000000ba5e51b8,0x00000000c2200000)
 Metaspace       used 100631K, capacity 111872K, committed 112384K, reserved 1144832K
  class space    used 13000K, capacity 16210K, committed 16384K, reserved 1048576K
Event: 787.998 GC heap after
Heap after GC invocations=53 (full 5):
 PSYoungGen      total 350208K, used 62016K [0x00000000e0000000, 0x0000000100000000, 0x0000000100000000)
  eden space 180736K, 0% used [0x00000000e0000000,0x00000000e0000000,0x00000000eb080000)
  from space 169472K, 36% used [0x00000000f5080000,0x00000000f8d10020,0x00000000ff600000)
  to   space 163840K, 0% used [0x00000000eb080000,0x00000000eb080000,0x00000000f5080000)
 ParOldGen       total 559104K, used 445082K [0x00000000a0000000, 0x00000000c2200000, 0x00000000e0000000)
  object space 559104K, 79% used [0x00000000a0000000,0x00000000bb2a69b8,0x00000000c2200000)
 Metaspace       used 100631K, capacity 111872K, committed 112384K, reserved 1144832K
  class space    used 13000K, capacity 16210K, committed 16384K, reserved 1048576K
}
Event: 788.745 GC heap before
{Heap before GC invocations=54 (full 5):
 PSYoungGen      total 350208K, used 242752K [0x00000000e0000000, 0x0000000100000000, 0x0000000100000000)
  eden space 180736K, 100% used [0x00000000e0000000,0x00000000eb080000,0x00000000eb080000)
  from space 169472K, 36% used [0x00000000f5080000,0x00000000f8d10020,0x00000000ff600000)
  to   space 163840K, 0% used [0x00000000eb080000,0x00000000eb080000,0x00000000f5080000)
 ParOldGen       total 559104K, used 445082K [0x00000000a0000000, 0x00000000c2200000, 0x00000000e0000000)
  object space 559104K, 79% used [0x00000000a0000000,0x00000000bb2a69b8,0x00000000c2200000)
 Metaspace       used 100705K, capacity 111912K, committed 112384K, reserved 1144832K
  class space    used 13004K, capacity 16216K, committed 16384K, reserved 1048576K
Event: 788.809 GC heap after
Heap after GC invocations=54 (full 5):
 PSYoungGen      total 344576K, used 28283K [0x00000000e0000000, 0x00000000fe880000, 0x0000000100000000)
  eden space 180736K, 0% used [0x00000000e0000000,0x00000000e0000000,0x00000000eb080000)
  from space 163840K, 17% used [0x00000000eb080000,0x00000000ecc1eef0,0x00000000f5080000)
  to   space 154624K, 0% used [0x00000000f5180000,0x00000000f5180000,0x00000000fe880000)
 ParOldGen       total 559104K, used 507212K [0x00000000a0000000, 0x00000000c2200000, 0x00000000e0000000)
  object space 559104K, 90% used [0x00000000a0000000,0x00000000bef53290,0x00000000c2200000)
 Metaspace       used 100705K, capacity 111912K, committed 112384K, reserved 1144832K
  class space    used 13004K, capacity 16216K, committed 16384K, reserved 1048576K
}
Event: 788.809 GC heap before
{Heap before GC invocations=55 (full 6):
 PSYoungGen      total 344576K, used 28283K [0x00000000e0000000, 0x00000000fe880000, 0x0000000100000000)
  eden space 180736K, 0% used [0x00000000e0000000,0x00000000e0000000,0x00000000eb080000)
  from space 163840K, 17% used [0x00000000eb080000,0x00000000ecc1eef0,0x00000000f5080000)
  to   space 154624K, 0% used [0x00000000f5180000,0x00000000f5180000,0x00000000fe880000)
 ParOldGen       total 559104K, used 507212K [0x00000000a0000000, 0x00000000c2200000, 0x00000000e0000000)
  object space 559104K, 90% used [0x00000000a0000000,0x00000000bef53290,0x00000000c2200000)
 Metaspace       used 100705K, capacity 111912K, committed 112384K, reserved 1144832K
  class space    used 13004K, capacity 16216K, committed 16384K, reserved 1048576K
Event: 789.239 GC heap after
Heap after GC invocations=55 (full 6):
 PSYoungGen      total 344576K, used 0K [0x00000000e0000000, 0x00000000fe880000, 0x0000000100000000)
  eden space 180736K, 0% used [0x00000000e0000000,0x00000000e0000000,0x00000000eb080000)
  from space 163840K, 0% used [0x00000000eb080000,0x00000000eb080000,0x00000000f5080000)
  to   space 154624K, 0% used [0x00000000f5180000,0x00000000f5180000,0x00000000fe880000)
 ParOldGen       total 599040K, used 164907K [0x00000000a0000000, 0x00000000c4900000, 0x00000000e0000000)
  object space 599040K, 27% used [0x00000000a0000000,0x00000000aa10ada0,0x00000000c4900000)
 Metaspace       used 100697K, capacity 111900K, committed 112384K, reserved 1144832K
  class space    used 13003K, capacity 16214K, committed 16384K, reserved 1048576K
}
Event: 789.987 GC heap before
{Heap before GC invocations=56 (full 6):
 PSYoungGen      total 344576K, used 180736K [0x00000000e0000000, 0x00000000fe880000, 0x0000000100000000)
  eden space 180736K, 100% used [0x00000000e0000000,0x00000000eb080000,0x00000000eb080000)
  from space 163840K, 0% used [0x00000000eb080000,0x00000000eb080000,0x00000000f5080000)
  to   space 154624K, 0% used [0x00000000f5180000,0x00000000f5180000,0x00000000fe880000)
 ParOldGen       total 599040K, used 164907K [0x00000000a0000000, 0x00000000c4900000, 0x00000000e0000000)
  object space 599040K, 27% used [0x00000000a0000000,0x00000000aa10ada0,0x00000000c4900000)
 Metaspace       used 100768K, capacity 111982K, committed 112384K, reserved 1144832K
  class space    used 13006K, capacity 16217K, committed 16384K, reserved 1048576K
Event: 790.000 GC heap after
Heap after GC invocations=56 (full 6):
 PSYoungGen      total 351232K, used 12337K [0x00000000e0000000, 0x00000000fea00000, 0x0000000100000000)
  eden space 196608K, 0% used [0x00000000e0000000,0x00000000e0000000,0x00000000ec000000)
  from space 154624K, 7% used [0x00000000f5180000,0x00000000f5d8c570,0x00000000fe880000)
  to   space 148992K, 0% used [0x00000000ec000000,0x00000000ec000000,0x00000000f5180000)
 ParOldGen       total 599040K, used 164915K [0x00000000a0000000, 0x00000000c4900000, 0x00000000e0000000)
  object space 599040K, 27% used [0x00000000a0000000,0x00000000aa10cda0,0x00000000c4900000)
 Metaspace       used 100768K, capacity 111982K, committed 112384K, reserved 1144832K
  class space    used 13006K, capacity 16217K, committed 16384K, reserved 1048576K
}

