# JRE version: OpenJDK Runtime Environment (8.0_242-b01) (build 1.8.0_242-release-1644-b01)
# Java VM: OpenJDK 64-Bit Server VM (25.242-b01 mixed mode windows-amd64 compressed oops)
Heap:
 PSYoungGen      total 359424K, used 218463K [0x00000000e0000000, 0x00000000fcd80000, 0x0000000100000000)
  eden space 304128K, 53% used [0x00000000e0000000,0x00000000e9f5bad0,0x00000000f2900000)
  from space 55296K, 99% used [0x00000000f9780000,0x00000000fcd7c500,0x00000000fcd80000)
  to   space 38912K, 0% used [0x00000000f2900000,0x00000000f2900000,0x00000000f4f00000)
 ParOldGen       total 250880K, used 154735K [0x00000000a0000000, 0x00000000af500000, 0x00000000e0000000)
  object space 250880K, 61% used [0x00000000a0000000,0x00000000a971bee8,0x00000000af500000)
 Metaspace       used 70609K, capacity 80140K, committed 80384K, reserved 1118208K
  class space    used 9597K, capacity 12512K, committed 12544K, reserved 1048576K
GC Heap History (10 events):
Event: 5.316 GC heap before
{Heap before GC invocations=9 (full 2):
 PSYoungGen      total 225280K, used 211456K [0x00000000e0000000, 0x00000000eef80000, 0x0000000100000000)
  eden space 211456K, 100% used [0x00000000e0000000,0x00000000ece80000,0x00000000ece80000)
  from space 13824K, 0% used [0x00000000ee200000,0x00000000ee200000,0x00000000eef80000)
  to   space 16896K, 0% used [0x00000000ece80000,0x00000000ece80000,0x00000000edf00000)
 ParOldGen       total 147456K, used 20771K [0x00000000a0000000, 0x00000000a9000000, 0x00000000e0000000)
  object space 147456K, 14% used [0x00000000a0000000,0x00000000a1448d00,0x00000000a9000000)
 Metaspace       used 52458K, capacity 54694K, committed 54912K, reserved 1095680K
  class space    used 7130K, capacity 7747K, committed 7808K, reserved 1048576K
Event: 5.341 GC heap after
Heap after GC invocations=9 (full 2):
 PSYoungGen      total 228352K, used 16892K [0x00000000e0000000, 0x00000000f6880000, 0x0000000100000000)
  eden space 211456K, 0% used [0x00000000e0000000,0x00000000e0000000,0x00000000ece80000)
  from space 16896K, 99% used [0x00000000ece80000,0x00000000edeff340,0x00000000edf00000)
  to   space 26112K, 0% used [0x00000000f4f00000,0x00000000f4f00000,0x00000000f6880000)
 ParOldGen       total 147456K, used 34388K [0x00000000a0000000, 0x00000000a9000000, 0x00000000e0000000)
  object space 147456K, 23% used [0x00000000a0000000,0x00000000a2195290,0x00000000a9000000)
 Metaspace       used 52458K, capacity 54694K, committed 54912K, reserved 1095680K
  class space    used 7130K, capacity 7747K, committed 7808K, reserved 1048576K
}
Event: 6.153 GC heap before
{Heap before GC invocations=10 (full 2):
 PSYoungGen      total 228352K, used 128962K [0x00000000e0000000, 0x00000000f6880000, 0x0000000100000000)
  eden space 211456K, 52% used [0x00000000e0000000,0x00000000e6d715d8,0x00000000ece80000)
  from space 16896K, 99% used [0x00000000ece80000,0x00000000edeff340,0x00000000edf00000)
  to   space 26112K, 0% used [0x00000000f4f00000,0x00000000f4f00000,0x00000000f6880000)
 ParOldGen       total 147456K, used 34388K [0x00000000a0000000, 0x00000000a9000000, 0x00000000e0000000)
  object space 147456K, 23% used [0x00000000a0000000,0x00000000a2195290,0x00000000a9000000)
 Metaspace       used 54466K, capacity 59044K, committed 59096K, reserved 1099776K
  class space    used 7471K, capacity 8826K, committed 8832K, reserved 1048576K
Event: 6.182 GC heap after
Heap after GC invocations=10 (full 2):
 PSYoungGen      total 330240K, used 26080K [0x00000000e0000000, 0x00000000f8480000, 0x0000000100000000)
  eden space 304128K, 0% used [0x00000000e0000000,0x00000000e0000000,0x00000000f2900000)
  from space 26112K, 99% used [0x00000000f4f00000,0x00000000f6878070,0x00000000f6880000)
  to   space 38912K, 0% used [0x00000000f2900000,0x00000000f2900000,0x00000000f4f00000)
 ParOldGen       total 147456K, used 53812K [0x00000000a0000000, 0x00000000a9000000, 0x00000000e0000000)
  object space 147456K, 36% used [0x00000000a0000000,0x00000000a348d058,0x00000000a9000000)
 Metaspace       used 54466K, capacity 59044K, committed 59096K, reserved 1099776K
  class space    used 7471K, capacity 8826K, committed 8832K, reserved 1048576K
}
Event: 6.182 GC heap before
{Heap before GC invocations=11 (full 3):
 PSYoungGen      total 330240K, used 26080K [0x00000000e0000000, 0x00000000f8480000, 0x0000000100000000)
  eden space 304128K, 0% used [0x00000000e0000000,0x00000000e0000000,0x00000000f2900000)
  from space 26112K, 99% used [0x00000000f4f00000,0x00000000f6878070,0x00000000f6880000)
  to   space 38912K, 0% used [0x00000000f2900000,0x00000000f2900000,0x00000000f4f00000)
 ParOldGen       total 147456K, used 53812K [0x00000000a0000000, 0x00000000a9000000, 0x00000000e0000000)
  object space 147456K, 36% used [0x00000000a0000000,0x00000000a348d058,0x00000000a9000000)
 Metaspace       used 54466K, capacity 59044K, committed 59096K, reserved 1099776K
  class space    used 7471K, capacity 8826K, committed 8832K, reserved 1048576K
Event: 6.458 GC heap after
Heap after GC invocations=11 (full 3):
 PSYoungGen      total 330240K, used 0K [0x00000000e0000000, 0x00000000f8480000, 0x0000000100000000)
  eden space 304128K, 0% used [0x00000000e0000000,0x00000000e0000000,0x00000000f2900000)
  from space 26112K, 0% used [0x00000000f4f00000,0x00000000f4f00000,0x00000000f6880000)
  to   space 38912K, 0% used [0x00000000f2900000,0x00000000f2900000,0x00000000f4f00000)
 ParOldGen       total 250880K, used 65214K [0x00000000a0000000, 0x00000000af500000, 0x00000000e0000000)
  object space 250880K, 25% used [0x00000000a0000000,0x00000000a3fafb00,0x00000000af500000)
 Metaspace       used 54466K, capacity 59044K, committed 59096K, reserved 1099776K
  class space    used 7471K, capacity 8826K, committed 8832K, reserved 1048576K
}
Event: 1213.397 GC heap before
{Heap before GC invocations=12 (full 3):
 PSYoungGen      total 330240K, used 304128K [0x00000000e0000000, 0x00000000f8480000, 0x0000000100000000)
  eden space 304128K, 100% used [0x00000000e0000000,0x00000000f2900000,0x00000000f2900000)
  from space 26112K, 0% used [0x00000000f4f00000,0x00000000f4f00000,0x00000000f6880000)
  to   space 38912K, 0% used [0x00000000f2900000,0x00000000f2900000,0x00000000f4f00000)
 ParOldGen       total 250880K, used 65214K [0x00000000a0000000, 0x00000000af500000, 0x00000000e0000000)
  object space 250880K, 25% used [0x00000000a0000000,0x00000000a3fafb00,0x00000000af500000)
 Metaspace       used 62067K, capacity 70748K, committed 70912K, reserved 1110016K
  class space    used 8430K, capacity 11194K, committed 11264K, reserved 1048576K
Event: 1213.452 GC heap after
Heap after GC invocations=12 (full 3):
 PSYoungGen      total 343040K, used 38880K [0x00000000e0000000, 0x00000000fcd80000, 0x0000000100000000)
  eden space 304128K, 0% used [0x00000000e0000000,0x00000000e0000000,0x00000000f2900000)
  from space 38912K, 99% used [0x00000000f2900000,0x00000000f4ef8020,0x00000000f4f00000)
  to   space 55296K, 0% used [0x00000000f9780000,0x00000000f9780000,0x00000000fcd80000)
 ParOldGen       total 250880K, used 90484K [0x00000000a0000000, 0x00000000af500000, 0x00000000e0000000)
  object space 250880K, 36% used [0x00000000a0000000,0x00000000a585d0c8,0x00000000af500000)
 Metaspace       used 62067K, capacity 70748K, committed 70912K, reserved 1110016K
  class space    used 8430K, capacity 11194K, committed 11264K, reserved 1048576K
}
Event: 1215.255 GC heap before
{Heap before GC invocations=13 (full 3):
 PSYoungGen      total 343040K, used 343008K [0x00000000e0000000, 0x00000000fcd80000, 0x0000000100000000)
  eden space 304128K, 100% used [0x00000000e0000000,0x00000000f2900000,0x00000000f2900000)
  from space 38912K, 99% used [0x00000000f2900000,0x00000000f4ef8020,0x00000000f4f00000)
  to   space 55296K, 0% used [0x00000000f9780000,0x00000000f9780000,0x00000000fcd80000)
 ParOldGen       total 250880K, used 90484K [0x00000000a0000000, 0x00000000af500000, 0x00000000e0000000)
  object space 250880K, 36% used [0x00000000a0000000,0x00000000a585d0c8,0x00000000af500000)
 Metaspace       used 67931K, capacity 77422K, committed 77568K, reserved 1114112K
  class space    used 9317K, capacity 12227K, committed 12288K, reserved 1048576K
Event: 1215.335 GC heap after
Heap after GC invocations=13 (full 3):
 PSYoungGen      total 359424K, used 55281K [0x00000000e0000000, 0x00000000fcd80000, 0x0000000100000000)
  eden space 304128K, 0% used [0x00000000e0000000,0x00000000e0000000,0x00000000f2900000)
  from space 55296K, 99% used [0x00000000f9780000,0x00000000fcd7c500,0x00000000fcd80000)
  to   space 38912K, 0% used [0x00000000f2900000,0x00000000f2900000,0x00000000f4f00000)
 ParOldGen       total 250880K, used 154735K [0x00000000a0000000, 0x00000000af500000, 0x00000000e0000000)
  object space 250880K, 61% used [0x00000000a0000000,0x00000000a971bee8,0x00000000af500000)
 Metaspace       used 67931K, capacity 77422K, committed 77568K, reserved 1114112K
  class space    used 9317K, capacity 12227K, committed 12288K, reserved 1048576K
}

