# JRE version: OpenJDK Runtime Environment (8.0_242-b01) (build 1.8.0_242-release-1644-b01)
# Java VM: OpenJDK 64-Bit Server VM (25.242-b01 mixed mode windows-amd64 compressed oops)
Heap:
 PSYoungGen      total 386048K, used 307121K [0x00000000e0000000, 0x00000000fbe80000, 0x0000000100000000)
  eden space 332800K, 90% used [0x00000000e0000000,0x00000000f257f410,0x00000000f4500000)
  from space 53248K, 12% used [0x00000000f4500000,0x00000000f4b6d230,0x00000000f7900000)
  to   space 55296K, 0% used [0x00000000f7900000,0x00000000f7900000,0x00000000faf00000)
 ParOldGen       total 429568K, used 159554K [0x00000000a0000000, 0x00000000ba380000, 0x00000000e0000000)
  object space 429568K, 37% used [0x00000000a0000000,0x00000000a9bd09d0,0x00000000ba380000)
 Metaspace       used 89003K, capacity 99138K, committed 100224K, reserved 1134592K
  class space    used 12003K, capacity 15013K, committed 15232K, reserved 1048576K
GC Heap History (10 events):
Event: 14.086 GC heap before
{Heap before GC invocations=17 (full 3):
 PSYoungGen      total 276992K, used 271575K [0x00000000e0000000, 0x00000000f6b00000, 0x0000000100000000)
  eden space 235520K, 100% used [0x00000000e0000000,0x00000000ee600000,0x00000000ee600000)
  from space 41472K, 86% used [0x00000000ee600000,0x00000000f0935e50,0x00000000f0e80000)
  to   space 45568K, 0% used [0x00000000f3e80000,0x00000000f3e80000,0x00000000f6b00000)
 ParOldGen       total 257024K, used 120130K [0x00000000a0000000, 0x00000000afb00000, 0x00000000e0000000)
  object space 257024K, 46% used [0x00000000a0000000,0x00000000a7550be8,0x00000000afb00000)
 Metaspace       used 73806K, capacity 83366K, committed 83456K, reserved 1120256K
  class space    used 10093K, capacity 13013K, committed 13056K, reserved 1048576K
Event: 14.128 GC heap after
Heap after GC invocations=17 (full 3):
 PSYoungGen      total 323584K, used 34008K [0x00000000e0000000, 0x00000000f6e00000, 0x0000000100000000)
  eden space 278016K, 0% used [0x00000000e0000000,0x00000000e0000000,0x00000000f0f80000)
  from space 45568K, 74% used [0x00000000f3e80000,0x00000000f5fb6378,0x00000000f6b00000)
  to   space 48128K, 0% used [0x00000000f0f80000,0x00000000f0f80000,0x00000000f3e80000)
 ParOldGen       total 257024K, used 120138K [0x00000000a0000000, 0x00000000afb00000, 0x00000000e0000000)
  object space 257024K, 46% used [0x00000000a0000000,0x00000000a7552be8,0x00000000afb00000)
 Metaspace       used 73806K, capacity 83366K, committed 83456K, reserved 1120256K
  class space    used 10093K, capacity 13013K, committed 13056K, reserved 1048576K
}
Event: 16.049 GC heap before
{Heap before GC invocations=18 (full 3):
 PSYoungGen      total 323584K, used 312024K [0x00000000e0000000, 0x00000000f6e00000, 0x0000000100000000)
  eden space 278016K, 100% used [0x00000000e0000000,0x00000000f0f80000,0x00000000f0f80000)
  from space 45568K, 74% used [0x00000000f3e80000,0x00000000f5fb6378,0x00000000f6b00000)
  to   space 48128K, 0% used [0x00000000f0f80000,0x00000000f0f80000,0x00000000f3e80000)
 ParOldGen       total 257024K, used 120138K [0x00000000a0000000, 0x00000000afb00000, 0x00000000e0000000)
  object space 257024K, 46% used [0x00000000a0000000,0x00000000a7552be8,0x00000000afb00000)
 Metaspace       used 84354K, capacity 94524K, committed 94720K, reserved 1130496K
  class space    used 11493K, capacity 14508K, committed 14592K, reserved 1048576K
Event: 16.100 GC heap after
Heap after GC invocations=18 (full 3):
 PSYoungGen      total 326144K, used 48121K [0x00000000e0000000, 0x00000000faf00000, 0x0000000100000000)
  eden space 278016K, 0% used [0x00000000e0000000,0x00000000e0000000,0x00000000f0f80000)
  from space 48128K, 99% used [0x00000000f0f80000,0x00000000f3e7e438,0x00000000f3e80000)
  to   space 55296K, 0% used [0x00000000f7900000,0x00000000f7900000,0x00000000faf00000)
 ParOldGen       total 257024K, used 121024K [0x00000000a0000000, 0x00000000afb00000, 0x00000000e0000000)
  object space 257024K, 47% used [0x00000000a0000000,0x00000000a76301f8,0x00000000afb00000)
 Metaspace       used 84354K, capacity 94524K, committed 94720K, reserved 1130496K
  class space    used 11493K, capacity 14508K, committed 14592K, reserved 1048576K
}
Event: 16.538 GC heap before
{Heap before GC invocations=19 (full 3):
 PSYoungGen      total 326144K, used 128917K [0x00000000e0000000, 0x00000000faf00000, 0x0000000100000000)
  eden space 278016K, 29% used [0x00000000e0000000,0x00000000e4ee7228,0x00000000f0f80000)
  from space 48128K, 99% used [0x00000000f0f80000,0x00000000f3e7e438,0x00000000f3e80000)
  to   space 55296K, 0% used [0x00000000f7900000,0x00000000f7900000,0x00000000faf00000)
 ParOldGen       total 257024K, used 121024K [0x00000000a0000000, 0x00000000afb00000, 0x00000000e0000000)
  object space 257024K, 47% used [0x00000000a0000000,0x00000000a76301f8,0x00000000afb00000)
 Metaspace       used 87771K, capacity 98356K, committed 98496K, reserved 1132544K
  class space    used 12065K, capacity 15136K, committed 15232K, reserved 1048576K
Event: 16.576 GC heap after
Heap after GC invocations=19 (full 3):
 PSYoungGen      total 388096K, used 27189K [0x00000000e0000000, 0x00000000fbe80000, 0x0000000100000000)
  eden space 332800K, 0% used [0x00000000e0000000,0x00000000e0000000,0x00000000f4500000)
  from space 55296K, 49% used [0x00000000f7900000,0x00000000f938d428,0x00000000faf00000)
  to   space 53248K, 0% used [0x00000000f4500000,0x00000000f4500000,0x00000000f7900000)
 ParOldGen       total 257024K, used 140243K [0x00000000a0000000, 0x00000000afb00000, 0x00000000e0000000)
  object space 257024K, 54% used [0x00000000a0000000,0x00000000a88f4c90,0x00000000afb00000)
 Metaspace       used 87771K, capacity 98356K, committed 98496K, reserved 1132544K
  class space    used 12065K, capacity 15136K, committed 15232K, reserved 1048576K
}
Event: 16.576 GC heap before
{Heap before GC invocations=20 (full 4):
 PSYoungGen      total 388096K, used 27189K [0x00000000e0000000, 0x00000000fbe80000, 0x0000000100000000)
  eden space 332800K, 0% used [0x00000000e0000000,0x00000000e0000000,0x00000000f4500000)
  from space 55296K, 49% used [0x00000000f7900000,0x00000000f938d428,0x00000000faf00000)
  to   space 53248K, 0% used [0x00000000f4500000,0x00000000f4500000,0x00000000f7900000)
 ParOldGen       total 257024K, used 140243K [0x00000000a0000000, 0x00000000afb00000, 0x00000000e0000000)
  object space 257024K, 54% used [0x00000000a0000000,0x00000000a88f4c90,0x00000000afb00000)
 Metaspace       used 87771K, capacity 98356K, committed 98496K, reserved 1132544K
  class space    used 12065K, capacity 15136K, committed 15232K, reserved 1048576K
Event: 17.068 GC heap after
Heap after GC invocations=20 (full 4):
 PSYoungGen      total 388096K, used 0K [0x00000000e0000000, 0x00000000fbe80000, 0x0000000100000000)
  eden space 332800K, 0% used [0x00000000e0000000,0x00000000e0000000,0x00000000f4500000)
  from space 55296K, 0% used [0x00000000f7900000,0x00000000f7900000,0x00000000faf00000)
  to   space 53248K, 0% used [0x00000000f4500000,0x00000000f4500000,0x00000000f7900000)
 ParOldGen       total 429568K, used 159554K [0x00000000a0000000, 0x00000000ba380000, 0x00000000e0000000)
  object space 429568K, 37% used [0x00000000a0000000,0x00000000a9bd09b0,0x00000000ba380000)
 Metaspace       used 87336K, capacity 97180K, committed 98496K, reserved 1132544K
  class space    used 11919K, capacity 14878K, committed 15232K, reserved 1048576K
}
Event: 18.067 GC heap before
{Heap before GC invocations=21 (full 4):
 PSYoungGen      total 388096K, used 332800K [0x00000000e0000000, 0x00000000fbe80000, 0x0000000100000000)
  eden space 332800K, 100% used [0x00000000e0000000,0x00000000f4500000,0x00000000f4500000)
  from space 55296K, 0% used [0x00000000f7900000,0x00000000f7900000,0x00000000faf00000)
  to   space 53248K, 0% used [0x00000000f4500000,0x00000000f4500000,0x00000000f7900000)
 ParOldGen       total 429568K, used 159554K [0x00000000a0000000, 0x00000000ba380000, 0x00000000e0000000)
  object space 429568K, 37% used [0x00000000a0000000,0x00000000a9bd09d0,0x00000000ba380000)
 Metaspace       used 88268K, capacity 98280K, committed 99456K, reserved 1134592K
  class space    used 11952K, capacity 14924K, committed 15232K, reserved 1048576K
Event: 18.076 GC heap after
Heap after GC invocations=21 (full 4):
 PSYoungGen      total 386048K, used 6580K [0x00000000e0000000, 0x00000000fbe80000, 0x0000000100000000)
  eden space 332800K, 0% used [0x00000000e0000000,0x00000000e0000000,0x00000000f4500000)
  from space 53248K, 12% used [0x00000000f4500000,0x00000000f4b6d230,0x00000000f7900000)
  to   space 55296K, 0% used [0x00000000f7900000,0x00000000f7900000,0x00000000faf00000)
 ParOldGen       total 429568K, used 159554K [0x00000000a0000000, 0x00000000ba380000, 0x00000000e0000000)
  object space 429568K, 37% used [0x00000000a0000000,0x00000000a9bd09d0,0x00000000ba380000)
 Metaspace       used 88268K, capacity 98280K, committed 99456K, reserved 1134592K
  class space    used 11952K, capacity 14924K, committed 15232K, reserved 1048576K
}

