# JRE version: OpenJDK Runtime Environment (8.0_242-b01) (build 1.8.0_242-release-1644-b01)
# Java VM: OpenJDK 64-Bit Server VM (25.242-b01 mixed mode windows-amd64 compressed oops)
Heap:
 PSYoungGen      total 443904K, used 316296K [0x00000000e0000000, 0x00000000fff80000, 0x0000000100000000)
  eden space 363520K, 82% used [0x00000000e0000000,0x00000000f252c428,0x00000000f6300000)
  from space 80384K, 20% used [0x00000000f6300000,0x00000000f72b5c70,0x00000000fb180000)
  to   space 78848K, 0% used [0x00000000fb280000,0x00000000fb280000,0x00000000fff80000)
 ParOldGen       total 267776K, used 181437K [0x00000000a0000000, 0x00000000b0580000, 0x00000000e0000000)
  object space 267776K, 67% used [0x00000000a0000000,0x00000000ab12f5a8,0x00000000b0580000)
 Metaspace       used 88235K, capacity 98296K, committed 99456K, reserved 1134592K
  class space    used 11934K, capacity 14932K, committed 15232K, reserved 1048576K
GC Heap History (10 events):
Event: 13.883 GC heap before
{Heap before GC invocations=15 (full 3):
 PSYoungGen      total 395776K, used 395751K [0x00000000e0000000, 0x0000000100000000, 0x0000000100000000)
  eden space 332288K, 100% used [0x00000000e0000000,0x00000000f4480000,0x00000000f4480000)
  from space 63488K, 99% used [0x00000000f4480000,0x00000000f8279f00,0x00000000f8280000)
  to   space 74752K, 0% used [0x00000000fb700000,0x00000000fb700000,0x0000000100000000)
 ParOldGen       total 267776K, used 91756K [0x00000000a0000000, 0x00000000b0580000, 0x00000000e0000000)
  object space 267776K, 34% used [0x00000000a0000000,0x00000000a599b030,0x00000000b0580000)
 Metaspace       used 76552K, capacity 86118K, committed 86400K, reserved 1122304K
  class space    used 10492K, capacity 13401K, committed 13440K, reserved 1048576K
Event: 13.925 GC heap after
Heap after GC invocations=15 (full 3):
 PSYoungGen      total 454144K, used 28807K [0x00000000e0000000, 0x0000000100000000, 0x0000000100000000)
  eden space 379392K, 0% used [0x00000000e0000000,0x00000000e0000000,0x00000000f7280000)
  from space 74752K, 38% used [0x00000000fb700000,0x00000000fd321c18,0x0000000100000000)
  to   space 70144K, 0% used [0x00000000f7280000,0x00000000f7280000,0x00000000fb700000)
 ParOldGen       total 267776K, used 134761K [0x00000000a0000000, 0x00000000b0580000, 0x00000000e0000000)
  object space 267776K, 50% used [0x00000000a0000000,0x00000000a839a620,0x00000000b0580000)
 Metaspace       used 76552K, capacity 86118K, committed 86400K, reserved 1122304K
  class space    used 10492K, capacity 13401K, committed 13440K, reserved 1048576K
}
Event: 15.682 GC heap before
{Heap before GC invocations=16 (full 3):
 PSYoungGen      total 454144K, used 408199K [0x00000000e0000000, 0x0000000100000000, 0x0000000100000000)
  eden space 379392K, 100% used [0x00000000e0000000,0x00000000f7280000,0x00000000f7280000)
  from space 74752K, 38% used [0x00000000fb700000,0x00000000fd321c18,0x0000000100000000)
  to   space 70144K, 0% used [0x00000000f7280000,0x00000000f7280000,0x00000000fb700000)
 ParOldGen       total 267776K, used 134763K [0x00000000a0000000, 0x00000000b0580000, 0x00000000e0000000)
  object space 267776K, 50% used [0x00000000a0000000,0x00000000a839afe8,0x00000000b0580000)
 Metaspace       used 87510K, capacity 98194K, committed 98304K, reserved 1132544K
  class space    used 11986K, capacity 15065K, committed 15104K, reserved 1048576K
Event: 15.725 GC heap after
Heap after GC invocations=16 (full 3):
 PSYoungGen      total 439808K, used 60320K [0x00000000e0000000, 0x0000000100000000, 0x0000000100000000)
  eden space 379392K, 0% used [0x00000000e0000000,0x00000000e0000000,0x00000000f7280000)
  from space 60416K, 99% used [0x00000000f7280000,0x00000000fad683a8,0x00000000fad80000)
  to   space 77824K, 0% used [0x00000000fb400000,0x00000000fb400000,0x0000000100000000)
 ParOldGen       total 267776K, used 134771K [0x00000000a0000000, 0x00000000b0580000, 0x00000000e0000000)
  object space 267776K, 50% used [0x00000000a0000000,0x00000000a839cfe8,0x00000000b0580000)
 Metaspace       used 87510K, capacity 98194K, committed 98304K, reserved 1132544K
  class space    used 11986K, capacity 15065K, committed 15104K, reserved 1048576K
}
Event: 16.101 GC heap before
{Heap before GC invocations=17 (full 3):
 PSYoungGen      total 439808K, used 185804K [0x00000000e0000000, 0x0000000100000000, 0x0000000100000000)
  eden space 379392K, 33% used [0x00000000e0000000,0x00000000e7a8b000,0x00000000f7280000)
  from space 60416K, 99% used [0x00000000f7280000,0x00000000fad683a8,0x00000000fad80000)
  to   space 77824K, 0% used [0x00000000fb400000,0x00000000fb400000,0x0000000100000000)
 ParOldGen       total 267776K, used 134771K [0x00000000a0000000, 0x00000000b0580000, 0x00000000e0000000)
  object space 267776K, 50% used [0x00000000a0000000,0x00000000a839cfe8,0x00000000b0580000)
 Metaspace       used 87696K, capacity 98394K, committed 98496K, reserved 1132544K
  class space    used 11995K, capacity 15075K, committed 15104K, reserved 1048576K
Event: 16.132 GC heap after
Heap after GC invocations=17 (full 3):
 PSYoungGen      total 441344K, used 51521K [0x00000000e0000000, 0x0000000100000000, 0x0000000100000000)
  eden space 363520K, 0% used [0x00000000e0000000,0x00000000e0000000,0x00000000f6300000)
  from space 77824K, 66% used [0x00000000fb400000,0x00000000fe650408,0x0000000100000000)
  to   space 80384K, 0% used [0x00000000f6300000,0x00000000f6300000,0x00000000fb180000)
 ParOldGen       total 267776K, used 134779K [0x00000000a0000000, 0x00000000b0580000, 0x00000000e0000000)
  object space 267776K, 50% used [0x00000000a0000000,0x00000000a839efe8,0x00000000b0580000)
 Metaspace       used 87696K, capacity 98394K, committed 98496K, reserved 1132544K
  class space    used 11995K, capacity 15075K, committed 15104K, reserved 1048576K
}
Event: 16.132 GC heap before
{Heap before GC invocations=18 (full 4):
 PSYoungGen      total 441344K, used 51521K [0x00000000e0000000, 0x0000000100000000, 0x0000000100000000)
  eden space 363520K, 0% used [0x00000000e0000000,0x00000000e0000000,0x00000000f6300000)
  from space 77824K, 66% used [0x00000000fb400000,0x00000000fe650408,0x0000000100000000)
  to   space 80384K, 0% used [0x00000000f6300000,0x00000000f6300000,0x00000000fb180000)
 ParOldGen       total 267776K, used 134779K [0x00000000a0000000, 0x00000000b0580000, 0x00000000e0000000)
  object space 267776K, 50% used [0x00000000a0000000,0x00000000a839efe8,0x00000000b0580000)
 Metaspace       used 87696K, capacity 98394K, committed 98496K, reserved 1132544K
  class space    used 11995K, capacity 15075K, committed 15104K, reserved 1048576K
Event: 17.340 GC heap after
Heap after GC invocations=18 (full 4):
 PSYoungGen      total 441344K, used 0K [0x00000000e0000000, 0x0000000100000000, 0x0000000100000000)
  eden space 363520K, 0% used [0x00000000e0000000,0x00000000e0000000,0x00000000f6300000)
  from space 77824K, 0% used [0x00000000fb400000,0x00000000fb400000,0x0000000100000000)
  to   space 80384K, 0% used [0x00000000f6300000,0x00000000f6300000,0x00000000fb180000)
 ParOldGen       total 267776K, used 181429K [0x00000000a0000000, 0x00000000b0580000, 0x00000000e0000000)
  object space 267776K, 67% used [0x00000000a0000000,0x00000000ab12d5a8,0x00000000b0580000)
 Metaspace       used 87266K, capacity 97168K, committed 98496K, reserved 1132544K
  class space    used 11853K, capacity 14826K, committed 15104K, reserved 1048576K
}
Event: 18.057 GC heap before
{Heap before GC invocations=19 (full 4):
 PSYoungGen      total 441344K, used 363520K [0x00000000e0000000, 0x0000000100000000, 0x0000000100000000)
  eden space 363520K, 100% used [0x00000000e0000000,0x00000000f6300000,0x00000000f6300000)
  from space 77824K, 0% used [0x00000000fb400000,0x00000000fb400000,0x0000000100000000)
  to   space 80384K, 0% used [0x00000000f6300000,0x00000000f6300000,0x00000000fb180000)
 ParOldGen       total 267776K, used 181429K [0x00000000a0000000, 0x00000000b0580000, 0x00000000e0000000)
  object space 267776K, 67% used [0x00000000a0000000,0x00000000ab12d5a8,0x00000000b0580000)
 Metaspace       used 87773K, capacity 97790K, committed 99136K, reserved 1132544K
  class space    used 11908K, capacity 14887K, committed 15232K, reserved 1048576K
Event: 18.068 GC heap after
Heap after GC invocations=19 (full 4):
 PSYoungGen      total 443904K, used 16087K [0x00000000e0000000, 0x00000000fff80000, 0x0000000100000000)
  eden space 363520K, 0% used [0x00000000e0000000,0x00000000e0000000,0x00000000f6300000)
  from space 80384K, 20% used [0x00000000f6300000,0x00000000f72b5c70,0x00000000fb180000)
  to   space 78848K, 0% used [0x00000000fb280000,0x00000000fb280000,0x00000000fff80000)
 ParOldGen       total 267776K, used 181437K [0x00000000a0000000, 0x00000000b0580000, 0x00000000e0000000)
  object space 267776K, 67% used [0x00000000a0000000,0x00000000ab12f5a8,0x00000000b0580000)
 Metaspace       used 87773K, capacity 97790K, committed 99136K, reserved 1132544K
  class space    used 11908K, capacity 14887K, committed 15232K, reserved 1048576K
}

